[debug] [2024-06-15T12:53:46.133Z] ----------------------------------------------------------------------
[debug] [2024-06-15T12:53:46.135Z] Command:       C:\Program Files\nodejs\node.exe C:\Users\patel\AppData\Roaming\npm\node_modules\firebase-tools\lib\bin\firebase.js init firestore
[debug] [2024-06-15T12:53:46.136Z] CLI Version:   13.11.2
[debug] [2024-06-15T12:53:46.136Z] Platform:      win32
[debug] [2024-06-15T12:53:46.136Z] Node Version:  v18.17.0
[debug] [2024-06-15T12:53:46.137Z] Time:          Sat Jun 15 2024 18:23:46 GMT+0530 (India Standard Time)
[debug] [2024-06-15T12:53:46.137Z] ----------------------------------------------------------------------
[debug] 
[debug] [2024-06-15T12:53:46.144Z] > command requires scopes: ["email","openid","https://www.googleapis.com/auth/cloudplatformprojects.readonly","https://www.googleapis.com/auth/firebase","https://www.googleapis.com/auth/cloud-platform"]
[debug] [2024-06-15T12:53:46.145Z] > authorizing via signed-in user (techtezofficial@gmail.com)
[info] 
     ######## #### ########  ######## ########     ###     ######  ########
     ##        ##  ##     ## ##       ##     ##  ##   ##  ##       ##
     ######    ##  ########  ######   ########  #########  ######  ######
     ##        ##  ##    ##  ##       ##     ## ##     ##       ## ##
     ##       #### ##     ## ######## ########  ##     ##  ######  ########

You're about to initialize a Firebase project in this directory:

  D:\NextJs\x-connect

[info] 
=== Project Setup
[info] 
[info] First, let's associate this project directory with a Firebase project.
[info] You can create multiple project aliases by running firebase use --add, 
[info] but for now we'll just set up a default project.
[info] 
[debug] [2024-06-15T12:54:05.859Z] >>> [apiv2][query] GET https://firebase.googleapis.com/v1beta1/availableProjects pageSize=100
[debug] [2024-06-15T12:54:06.999Z] <<< [apiv2][status] GET https://firebase.googleapis.com/v1beta1/availableProjects 200
[debug] [2024-06-15T12:54:07.000Z] <<< [apiv2][body] GET https://firebase.googleapis.com/v1beta1/availableProjects [omitted]
[debug] [2024-06-15T12:54:09.248Z] >>> [apiv2][query] POST https://firebase.googleapis.com/v1beta1/projects/x-connect-426505:addFirebase [none]
[debug] [2024-06-15T12:54:09.837Z] <<< [apiv2][status] POST https://firebase.googleapis.com/v1beta1/projects/x-connect-426505:addFirebase 403
[debug] [2024-06-15T12:54:09.837Z] <<< [apiv2][body] POST https://firebase.googleapis.com/v1beta1/projects/x-connect-426505:addFirebase {"error":{"code":403,"message":"The caller does not have permission","status":"PERMISSION_DENIED"}}
[debug] [2024-06-15T12:54:09.838Z] HTTP Error: 403, The caller does not have permission
[debug] [2024-06-15T12:54:10.106Z] FirebaseError: HTTP Error: 403, The caller does not have permission
    at responseToError (C:\Users\patel\AppData\Roaming\npm\node_modules\firebase-tools\lib\responseToError.js:49:12)
    at RetryOperation._fn (C:\Users\patel\AppData\Roaming\npm\node_modules\firebase-tools\lib\apiv2.js:305:77)
    at process.processTicksAndRejections (node:internal/process/task_queues:95:5)
[error] 
[error] Error: Failed to add Firebase to Google Cloud Platform project. See firebase-debug.log for more info.
[debug] [2024-06-15T12:54:20.539Z] ----------------------------------------------------------------------
[debug] [2024-06-15T12:54:20.541Z] Command:       C:\Program Files\nodejs\node.exe C:\Users\patel\AppData\Roaming\npm\node_modules\firebase-tools\lib\bin\firebase.js init firestore
[debug] [2024-06-15T12:54:20.542Z] CLI Version:   13.11.2
[debug] [2024-06-15T12:54:20.542Z] Platform:      win32
[debug] [2024-06-15T12:54:20.552Z] Node Version:  v18.17.0
[debug] [2024-06-15T12:54:20.553Z] Time:          Sat Jun 15 2024 18:24:20 GMT+0530 (India Standard Time)
[debug] [2024-06-15T12:54:20.554Z] ----------------------------------------------------------------------
[debug] 
[debug] [2024-06-15T12:54:20.588Z] > command requires scopes: ["email","openid","https://www.googleapis.com/auth/cloudplatformprojects.readonly","https://www.googleapis.com/auth/firebase","https://www.googleapis.com/auth/cloud-platform"]
[debug] [2024-06-15T12:54:20.589Z] > authorizing via signed-in user (techtezofficial@gmail.com)
[info] 
     ######## #### ########  ######## ########     ###     ######  ########
     ##        ##  ##     ## ##       ##     ##  ##   ##  ##       ##
     ######    ##  ########  ######   ########  #########  ######  ######
     ##        ##  ##    ##  ##       ##     ## ##     ##       ## ##
     ##       #### ##     ## ######## ########  ##     ##  ######  ########

You're about to initialize a Firebase project in this directory:

  D:\NextJs\x-connect

[info] 
=== Project Setup
[info] 
[info] First, let's associate this project directory with a Firebase project.
[info] You can create multiple project aliases by running firebase use --add, 
[info] but for now we'll just set up a default project.
[info] 
[debug] [2024-06-15T12:54:38.381Z] >>> [apiv2][query] GET https://firebase.googleapis.com/v1beta1/availableProjects pageSize=100
[debug] [2024-06-15T12:54:40.231Z] <<< [apiv2][status] GET https://firebase.googleapis.com/v1beta1/availableProjects 200
[debug] [2024-06-15T12:54:40.231Z] <<< [apiv2][body] GET https://firebase.googleapis.com/v1beta1/availableProjects [omitted]
[debug] [2024-06-15T12:54:44.458Z] >>> [apiv2][query] POST https://firebase.googleapis.com/v1beta1/projects/x-connect-426505:addFirebase [none]
[debug] [2024-06-15T12:54:44.909Z] <<< [apiv2][status] POST https://firebase.googleapis.com/v1beta1/projects/x-connect-426505:addFirebase 403
[debug] [2024-06-15T12:54:44.909Z] <<< [apiv2][body] POST https://firebase.googleapis.com/v1beta1/projects/x-connect-426505:addFirebase {"error":{"code":403,"message":"The caller does not have permission","status":"PERMISSION_DENIED"}}
[debug] [2024-06-15T12:54:44.910Z] HTTP Error: 403, The caller does not have permission
[debug] [2024-06-15T12:54:45.10rules_version = '2';

// Craft rules based on data in your Firestore database
// allow write: if firestore.get(
//    /databases/(default)/documents/users/$(request.auth.uid)).data.isAdmin;
service firebase.storage {
  match /b/{bucket}/o {
    match /{allPaths=**} {
      allow read;
      allow write: if
      request.resource.size < 2 * 1024 * 1024 && 
      request.resource.contentType.matches("image/.*")
    }
  }
}rules_version = '2';

// Craft rules based on data in your Firestore database
// allow write: if firestore.get(
//    /databases/(default)/documents/users/$(request.auth.uid)).data.isAdmin;
service firebase.storage {
  match /b/{bucket}/o {
    match /{allPaths=**} {
      allow read;
      allow write: if
      request.resource.size < 2 * 1024 * 1024 && 
      request.resource.contentType.matches("image/.*")
    }
  }
}rules_version = '2';

// Craft rules based on data in your Firestore database
// allow write: if firestore.get(
//    /databases/(default)/documents/users/$(request.auth.uid)).data.isAdmin;
service firebase.storage {
  match /b/{bucket}/o {
    match /{allPaths=**} {
      allow read;
      allow write: if
      request.resource.size < 2 * 1024 * 1024 && 
      request.resource.contentType.matches("image/.*")
    }
  }
}rules_version = '2';

// Craft rules based on data in your Firestore database
// allow write: if firestore.get(
//    /databases/(default)/documents/users/$(request.auth.uid)).data.isAdmin;
service firebase.storage {
  match /b/{bucket}/o {
    match /{allPaths=**} {
      allow read;
      allow write: if
      request.resource.size < 2 * 1024 * 1024 && 
      request.resource.contentType.matches("image/.*")
    }
  }
}rules_version = '2';

// Craft rules based on data in your Firestore database
// allow write: if firestore.get(
//    /databases/(default)/documents/users/$(request.auth.uid)).data.isAdmin;
service firebase.storage {
  match /b/{bucket}/o {
    match /{allPaths=**} {
      allow read;
      allow write: if
      request.resource.size < 2 * 1024 * 1024 && 
      request.resource.contentType.matches("image/.*")
    }
  }
}rules_version = '2';

// Craft rules based on data in your Firestore database
// allow write: if firestore.get(
//    /databases/(default)/documents/users/$(request.auth.uid)).data.isAdmin;
service firebase.storage {
  match /b/{bucket}/o {
    match /{allPaths=**} {
      allow read;
      allow write: if
      request.resource.size < 2 * 1024 * 1024 && 
      request.resource.contentType.matches("image/.*")
    }
  }
}5Z] FirebaseError: HTTP Error: 403, The caller does not have permission
    at responseToError (C:\Users\patel\AppData\Roaming\npm\node_modules\firebase-tools\lib\responseToError.js:49:12)
    at RetryOperation._fn (C:\Users\patel\AppData\Roaming\npm\node_modules\firebase-tools\lib\apiv2.js:305:77)
    at process.processTicksAndRejections (node:internal/process/task_queues:95:5)
[error] 
[error] Error: Failed to add Firebase to Google Cloud Platform project. See firebase-debug.log for more info.
